SDTDM <00|a^+_ub a_ta|11>

bra:
 (   0.70711) X*_iO1 sum_i(Cia,O1b) des(O1b) des(Cib) des(O1a) des(O2a) 
 (  -0.70711) X*_iO1 sum_i(Cia,O1b) des(Cia) des(O1a) des(O1b) des(O2b) 
 (   0.70711) X*_LR1      (O1b,O1a) des(Cca) des(Ccb) des(O1b) des(O2a) 
 (  -0.70711) X*_LR2      (O2b,O2a) des(Cca) des(Ccb) des(O1a) des(O2b) 
 (   1.00000) X*_G        (O2a,O1b) des(Cca) des(Ccb) des(O1a) des(O1b) 
 (   0.70711) X*_iO2 sum_i(Cia,O2b) des(O2b) des(Cib) des(O1a) des(O2a) 
 (  -0.70711) X*_iO2 sum_i(Cia,O2b) des(Cia) des(O2a) des(O1b) des(O2b) 
 (   1.00000) X*_D        (O1b,O2a) des(Cca) des(Ccb) des(O2b) des(O2a) 
 (   0.70711) X*_O1a sum_a(O1a,Vab) des(Cca) des(Ccb) des(Vab) des(O2a) 
 (  -0.70711) X*_O1a sum_a(O1a,Vab) des(Cca) des(Ccb) des(Vaa) des(O2b) 
 (   0.70711) X*_O2a sum_a(O2a,Vab) des(Cca) des(Ccb) des(O1a) des(Vab) 
 (  -0.70711) X*_O2a sum_a(O2a,Vab) des(Cca) des(Ccb) des(O1b) des(Vaa) 
ops:
 (   1.00000) cre(u_b) 
 (   1.00000) des(t_a) 
ket:
 (   1.00000) X_jO1 sum_j (Cia,O1b) cre(O2b) cre(O1a) cre(Cjb) cre(O1b) 
 (   1.00000) X_jO1 sum_j (Cia,O1b) cre(O2a) cre(O1b) cre(O1a) cre(Cja) 
 (   1.00000) X_LR1       (O1b,O1a) cre(O2a) cre(O1a) cre(Ccb) cre(Cca) 
 (   1.00000) X_LR2       (O2b,O2a) cre(O2b) cre(O1b) cre(Ccb) cre(Cca) 
 (   1.00000) X_jO2 sum_j (Cia,O2b) cre(O2a) cre(O1a) cre(Cja) cre(O2b) 
 (   1.00000) X_jO2 sum_j (Cia,O2b) cre(O2b) cre(O1b) cre(O2a) cre(Cjb) 
 (   1.00000) X_O1b sum_b (O1a,Vab) cre(O2a) cre(Vba) cre(Ccb) cre(Cca) 
 (   1.00000) X_O1b sum_b (O1a,Vab) cre(O2b) cre(Vbb) cre(Ccb) cre(Cca) 
 (   1.00000) X_O2b sum_b (O2a,Vab) cre(Vba) cre(O1a) cre(Ccb) cre(Cca) 
 (   1.00000) X_O2b sum_b (O2a,Vab) cre(Vbb) cre(O1b) cre(Ccb) cre(Cca) 

Making normal order for maximum contraction form, removing delta_{tu}, ...
 (39.172 seconds)


 (   0.70711) X*_iO1 sum_i(Cia,O1b) X_jO1 sum_j (Cia,O1b) kdelta(Cib,u_b) kdelta(t_a,Cja) 
 (   0.70711) X*_iO1 sum_i(Cia,O1b) X_LR1       (O1b,O1a) kdelta(O1b,u_b) kdelta(Cib,Ccb) kdelta(t_a,Cca) 
 (  -0.70711) X*_iO1 sum_i(Cia,O1b) X_jO1 sum_j (Cia,O1b) kdelta(Cia,Cja) kdelta(O2b,u_b) kdelta(t_a,O2a) 
 (   0.70711) X*_iO1 sum_i(Cia,O1b) X_jO2 sum_j (Cia,O2b) kdelta(Cia,Cja) kdelta(O1b,u_b) kdelta(t_a,O2a) 
 (   0.70711) X*_LR1      (O1b,O1a) X_jO1 sum_j (Cia,O1b) kdelta(Cca,Cja) kdelta(Ccb,u_b) kdelta(t_a,O1a) 
 (   0.70711) X*_LR1      (O1b,O1a) X_LR1       (O1b,O1a) kdelta(O1b,u_b) kdelta(t_a,O1a) 
 (   0.70711) X*_LR1      (O1b,O1a) X_O1b sum_b (O1a,Vab) kdelta(O1b,u_b) kdelta(t_a,Vba) 
 (  -0.70711) X*_LR2      (O2b,O2a) X_LR1       (O1b,O1a) kdelta(O2b,u_b) kdelta(t_a,O2a) 
 (  -0.70711) X*_LR2      (O2b,O2a) X_jO2 sum_j (Cia,O2b) kdelta(Cca,Cja) kdelta(Ccb,u_b) kdelta(t_a,O2a) 
 (  -0.70711) X*_LR2      (O2b,O2a) X_O2b sum_b (O2a,Vab) kdelta(O2b,u_b) kdelta(t_a,Vba) 
 (   1.00000) X*_G        (O2a,O1b) X_jO1 sum_j (Cia,O1b) kdelta(Cca,Cja) kdelta(Ccb,u_b) kdelta(t_a,O2a) 
 (   1.00000) X*_G        (O2a,O1b) X_LR1       (O1b,O1a) kdelta(O1b,u_b) kdelta(t_a,O2a) 
 (   1.00000) X*_G        (O2a,O1b) X_O2b sum_b (O2a,Vab) kdelta(O1b,u_b) kdelta(t_a,Vba) 
 (   0.70711) X*_iO2 sum_i(Cia,O2b) X_LR1       (O1b,O1a) kdelta(O2b,u_b) kdelta(Cib,Ccb) kdelta(t_a,Cca) 
 (   0.70711) X*_iO2 sum_i(Cia,O2b) X_jO2 sum_j (Cia,O2b) kdelta(Cib,u_b) kdelta(t_a,Cja) 
 (   0.70711) X*_iO2 sum_i(Cia,O2b) X_jO1 sum_j (Cia,O1b) kdelta(Cia,Cja) kdelta(O2b,u_b) kdelta(t_a,O1a) 
 (  -0.70711) X*_iO2 sum_i(Cia,O2b) X_jO2 sum_j (Cia,O2b) kdelta(Cia,Cja) kdelta(O1b,u_b) kdelta(t_a,O1a) 
 (   1.00000) X*_D        (O1b,O2a) X_LR1       (O1b,O1a) kdelta(O2b,u_b) kdelta(t_a,O1a) 
 (   1.00000) X*_D        (O1b,O2a) X_jO2 sum_j (Cia,O2b) kdelta(Cca,Cja) kdelta(Ccb,u_b) kdelta(t_a,O1a) 
 (   1.00000) X*_D        (O1b,O2a) X_O1b sum_b (O1a,Vab) kdelta(O2b,u_b) kdelta(t_a,Vba) 
 (   0.70711) X*_O1a sum_a(O1a,Vab) X_LR1       (O1b,O1a) kdelta(Vab,u_b) kdelta(t_a,O1a) 
 (   0.70711) X*_O1a sum_a(O1a,Vab) X_O1b sum_b (O1a,Vab) kdelta(Vab,u_b) kdelta(t_a,Vba) 
 (  -0.70711) X*_O1a sum_a(O1a,Vab) X_O1b sum_b (O1a,Vab) kdelta(Vaa,Vba) kdelta(O2b,u_b) kdelta(t_a,O2a) 
 (   0.70711) X*_O1a sum_a(O1a,Vab) X_O2b sum_b (O2a,Vab) kdelta(Vaa,Vba) kdelta(O2b,u_b) kdelta(t_a,O1a) 
 (   0.70711) X*_O2a sum_a(O2a,Vab) X_LR1       (O1b,O1a) kdelta(Vab,u_b) kdelta(t_a,O2a) 
 (   0.70711) X*_O2a sum_a(O2a,Vab) X_O2b sum_b (O2a,Vab) kdelta(Vab,u_b) kdelta(t_a,Vba) 
 (   0.70711) X*_O2a sum_a(O2a,Vab) X_O1b sum_b (O1a,Vab) kdelta(O1b,u_b) kdelta(Vaa,Vba) kdelta(t_a,O2a) 
 (  -0.70711) X*_O2a sum_a(O2a,Vab) X_O2b sum_b (O2a,Vab) kdelta(O1b,u_b) kdelta(Vaa,Vba) kdelta(t_a,O1a) 


